<?xml version="1.0" encoding="UTF-8"?>
<!-- Generated by org.testng.reporters.JUnitReportReporter -->
<testsuite skipped="0" hostname="rnr_25" name="com.learnautomation.testcases.LoginTestCRM" tests="2" failures="0" timestamp="20 Mar 2019 07:20:23 GMT" time="16.397" errors="0">
  <testcase name="loginApp1" time="15.716" classname="com.learnautomation.testcases.LoginTestCRM"/>
  <testcase name="loginApp2" time="0.681" classname="com.learnautomation.testcases.LoginTestCRM"/>
</testsuite> <!-- com.learnautomation.testcases.LoginTestCRM -->
